2020-06-25 12:44:37.831 [main] INFO  [com.yang.blog.BlogServeApplication:55] - Starting BlogServeApplication on DESKTOP-DANHAID with PID 3156 (D:\code\mycode\blog\blog\blog-serve\target\classes started by 杨洋 in D:\code\mycode\blog\blog\blog-serve)
2020-06-25 12:44:37.834 [main] INFO  [com.yang.blog.BlogServeApplication:651] - No active profile set, falling back to default profiles: default
2020-06-25 12:44:39.797 [main] INFO  [o.s.d.r.config.RepositoryConfigurationDelegate:127] - Bootstrapping Spring Data JPA repositories in DEFERRED mode.
2020-06-25 12:44:39.891 [main] INFO  [o.s.d.r.config.RepositoryConfigurationDelegate:187] - Finished Spring Data repository scanning in 70ms. Found 1 JPA repository interfaces.
2020-06-25 12:44:40.184 [main] INFO  [o.s.c.s.PostProcessorRegistrationDelegate$BeanPostProcessorChecker:335] - Bean 'org.springframework.security.access.expression.method.DefaultMethodSecurityExpressionHandler@534243e4' of type [org.springframework.security.access.expression.method.DefaultMethodSecurityExpressionHandler] is not eligible for getting processed by all BeanPostProcessors (for example: not eligible for auto-proxying)
2020-06-25 12:44:40.186 [main] INFO  [o.s.c.s.PostProcessorRegistrationDelegate$BeanPostProcessorChecker:335] - Bean 'methodSecurityMetadataSource' of type [org.springframework.security.access.method.DelegatingMethodSecurityMetadataSource] is not eligible for getting processed by all BeanPostProcessors (for example: not eligible for auto-proxying)
2020-06-25 12:44:40.546 [main] INFO  [o.s.boot.web.embedded.tomcat.TomcatWebServer:108] - Tomcat initialized with port(s): 9528 (http)
2020-06-25 12:44:40.553 [main] INFO  [org.apache.coyote.http11.Http11NioProtocol:173] - Initializing ProtocolHandler ["http-nio-9528"]
2020-06-25 12:44:40.553 [main] INFO  [org.apache.catalina.core.StandardService:173] - Starting service [Tomcat]
2020-06-25 12:44:40.553 [main] INFO  [org.apache.catalina.core.StandardEngine:173] - Starting Servlet engine: [Apache Tomcat/9.0.36]
2020-06-25 12:44:40.555 [main] INFO  [org.apache.catalina.core.AprLifecycleListener:173] - Loaded Apache Tomcat Native library [1.2.23] using APR version [1.7.0].
2020-06-25 12:44:40.555 [main] INFO  [org.apache.catalina.core.AprLifecycleListener:173] - APR capabilities: IPv6 [true], sendfile [true], accept filters [false], random [true].
2020-06-25 12:44:40.555 [main] INFO  [org.apache.catalina.core.AprLifecycleListener:173] - APR/OpenSSL configuration: useAprConnector [false], useOpenSSL [true]
2020-06-25 12:44:40.645 [main] INFO  [org.apache.catalina.core.AprLifecycleListener:173] - OpenSSL successfully initialized [OpenSSL 1.1.1c  28 May 2019]
2020-06-25 12:44:40.870 [main] INFO  [o.a.c.core.ContainerBase.[Tomcat].[localhost].[/]:173] - Initializing Spring embedded WebApplicationContext
2020-06-25 12:44:40.870 [main] INFO  [o.s.b.w.s.c.ServletWebServerApplicationContext:285] - Root WebApplicationContext: initialization completed in 3001 ms
2020-06-25 12:44:41.415 [main] INFO  [c.a.d.s.b.a.DruidDataSourceAutoConfigure:56] - Init DruidDataSource
2020-06-25 12:44:41.747 [main] INFO  [o.s.scheduling.concurrent.ThreadPoolTaskExecutor:181] - Initializing ExecutorService 'applicationTaskExecutor'
2020-06-25 12:44:43.122 [main] INFO  [o.s.security.web.DefaultSecurityFilterChain:43] - Creating filter chain: any request, [org.springframework.security.web.context.request.async.WebAsyncManagerIntegrationFilter@6587305a, org.springframework.security.web.context.SecurityContextPersistenceFilter@5b5a4aed, org.springframework.security.web.header.HeaderWriterFilter@350ec690, org.springframework.web.filter.CorsFilter@abbe000, org.springframework.security.web.csrf.CsrfFilter@6d8796c1, org.springframework.security.web.authentication.logout.LogoutFilter@6bee793f, com.yang.blog.security.filter.JwtLoginFilter@3f81621c, com.yang.blog.security.filter.JwtAuthenticationFilter@5b9499fe, org.springframework.security.web.savedrequest.RequestCacheAwareFilter@5fef2aac, org.springframework.security.web.servletapi.SecurityContextHolderAwareRequestFilter@1cfc2538, org.springframework.security.web.authentication.AnonymousAuthenticationFilter@74d6736, org.springframework.security.web.session.SessionManagementFilter@3664f108, org.springframework.security.web.access.ExceptionTranslationFilter@118dcbbd, org.springframework.security.web.access.intercept.FilterSecurityInterceptor@303c55fa]
2020-06-25 12:44:43.165 [main] INFO  [org.apache.coyote.http11.Http11NioProtocol:173] - Starting ProtocolHandler ["http-nio-9528"]
2020-06-25 12:44:43.190 [main] INFO  [o.s.boot.web.embedded.tomcat.TomcatWebServer:220] - Tomcat started on port(s): 9528 (http) with context path ''
2020-06-25 12:44:43.190 [main] INFO  [o.s.d.r.c.DeferredRepositoryInitializationListener:49] - Triggering deferred initialization of Spring Data repositories…
2020-06-25 12:44:44.664 [task-1] INFO  [o.s.orm.jpa.LocalContainerEntityManagerFactoryBean:416] - Initialized JPA EntityManagerFactory for persistence unit 'default'
2020-06-25 12:44:45.023 [main] INFO  [o.s.d.r.c.DeferredRepositoryInitializationListener:53] - Spring Data repositories initialized!
2020-06-25 12:44:45.029 [main] INFO  [com.yang.blog.BlogServeApplication:61] - Started BlogServeApplication in 7.756 seconds (JVM running for 9.957)
2020-06-25 12:45:26.801 [http-nio-9528-exec-1] INFO  [o.a.c.core.ContainerBase.[Tomcat].[localhost].[/]:173] - Initializing Spring DispatcherServlet 'dispatcherServlet'
2020-06-25 12:45:26.801 [http-nio-9528-exec-1] INFO  [org.springframework.web.servlet.DispatcherServlet:525] - Initializing Servlet 'dispatcherServlet'
2020-06-25 12:45:26.806 [http-nio-9528-exec-1] INFO  [org.springframework.web.servlet.DispatcherServlet:547] - Completed initialization in 5 ms
2020-06-25 12:47:33.139 [main] INFO  [com.yang.blog.BlogServeApplication:55] - Starting BlogServeApplication on DESKTOP-DANHAID with PID 2680 (D:\code\mycode\blog\blog\blog-serve\target\classes started by 杨洋 in D:\code\mycode\blog\blog\blog-serve)
2020-06-25 12:47:33.142 [main] INFO  [com.yang.blog.BlogServeApplication:651] - No active profile set, falling back to default profiles: default
2020-06-25 12:47:33.751 [main] INFO  [o.s.d.r.config.RepositoryConfigurationDelegate:127] - Bootstrapping Spring Data JPA repositories in DEFERRED mode.
2020-06-25 12:47:33.794 [main] INFO  [o.s.d.r.config.RepositoryConfigurationDelegate:187] - Finished Spring Data repository scanning in 36ms. Found 1 JPA repository interfaces.
2020-06-25 12:47:34.029 [main] INFO  [o.s.c.s.PostProcessorRegistrationDelegate$BeanPostProcessorChecker:335] - Bean 'org.springframework.security.access.expression.method.DefaultMethodSecurityExpressionHandler@68d651f2' of type [org.springframework.security.access.expression.method.DefaultMethodSecurityExpressionHandler] is not eligible for getting processed by all BeanPostProcessors (for example: not eligible for auto-proxying)
2020-06-25 12:47:34.033 [main] INFO  [o.s.c.s.PostProcessorRegistrationDelegate$BeanPostProcessorChecker:335] - Bean 'methodSecurityMetadataSource' of type [org.springframework.security.access.method.DelegatingMethodSecurityMetadataSource] is not eligible for getting processed by all BeanPostProcessors (for example: not eligible for auto-proxying)
2020-06-25 12:47:34.216 [main] INFO  [o.s.boot.web.embedded.tomcat.TomcatWebServer:108] - Tomcat initialized with port(s): 9528 (http)
2020-06-25 12:47:34.223 [main] INFO  [org.apache.coyote.http11.Http11NioProtocol:173] - Initializing ProtocolHandler ["http-nio-9528"]
2020-06-25 12:47:34.223 [main] INFO  [org.apache.catalina.core.StandardService:173] - Starting service [Tomcat]
2020-06-25 12:47:34.223 [main] INFO  [org.apache.catalina.core.StandardEngine:173] - Starting Servlet engine: [Apache Tomcat/9.0.36]
2020-06-25 12:47:34.224 [main] INFO  [org.apache.catalina.core.AprLifecycleListener:173] - Loaded Apache Tomcat Native library [1.2.23] using APR version [1.7.0].
2020-06-25 12:47:34.224 [main] INFO  [org.apache.catalina.core.AprLifecycleListener:173] - APR capabilities: IPv6 [true], sendfile [true], accept filters [false], random [true].
2020-06-25 12:47:34.225 [main] INFO  [org.apache.catalina.core.AprLifecycleListener:173] - APR/OpenSSL configuration: useAprConnector [false], useOpenSSL [true]
2020-06-25 12:47:34.227 [main] INFO  [org.apache.catalina.core.AprLifecycleListener:173] - OpenSSL successfully initialized [OpenSSL 1.1.1c  28 May 2019]
2020-06-25 12:47:34.312 [main] INFO  [o.a.c.core.ContainerBase.[Tomcat].[localhost].[/]:173] - Initializing Spring embedded WebApplicationContext
2020-06-25 12:47:34.312 [main] INFO  [o.s.b.w.s.c.ServletWebServerApplicationContext:285] - Root WebApplicationContext: initialization completed in 1140 ms
2020-06-25 12:47:34.503 [main] INFO  [c.a.d.s.b.a.DruidDataSourceAutoConfigure:56] - Init DruidDataSource
2020-06-25 12:47:34.740 [main] INFO  [o.s.scheduling.concurrent.ThreadPoolTaskExecutor:181] - Initializing ExecutorService 'applicationTaskExecutor'
2020-06-25 12:47:35.257 [main] INFO  [o.s.security.web.DefaultSecurityFilterChain:43] - Creating filter chain: any request, [org.springframework.security.web.context.request.async.WebAsyncManagerIntegrationFilter@6ee37ca7, org.springframework.security.web.context.SecurityContextPersistenceFilter@50a7c72b, org.springframework.security.web.header.HeaderWriterFilter@305b43ca, org.springframework.web.filter.CorsFilter@6775c0d1, org.springframework.security.web.csrf.CsrfFilter@5b332439, org.springframework.security.web.authentication.logout.LogoutFilter@163e8949, com.yang.blog.security.filter.JwtLoginFilter@38f617f4, com.yang.blog.security.filter.JwtAuthenticationFilter@4899799b, org.springframework.security.web.savedrequest.RequestCacheAwareFilter@221b77d7, org.springframework.security.web.servletapi.SecurityContextHolderAwareRequestFilter@6e00837f, org.springframework.security.web.authentication.AnonymousAuthenticationFilter@3dea226b, org.springframework.security.web.session.SessionManagementFilter@25e8e59, org.springframework.security.web.access.ExceptionTranslationFilter@6e0d16a4, org.springframework.security.web.access.intercept.FilterSecurityInterceptor@609b041c]
2020-06-25 12:47:35.291 [main] INFO  [org.apache.coyote.http11.Http11NioProtocol:173] - Starting ProtocolHandler ["http-nio-9528"]
2020-06-25 12:47:35.309 [main] INFO  [o.s.boot.web.embedded.tomcat.TomcatWebServer:220] - Tomcat started on port(s): 9528 (http) with context path ''
2020-06-25 12:47:35.310 [main] INFO  [o.s.d.r.c.DeferredRepositoryInitializationListener:49] - Triggering deferred initialization of Spring Data repositories…
2020-06-25 12:47:36.671 [task-1] INFO  [o.s.orm.jpa.LocalContainerEntityManagerFactoryBean:416] - Initialized JPA EntityManagerFactory for persistence unit 'default'
2020-06-25 12:47:37.019 [main] INFO  [o.s.d.r.c.DeferredRepositoryInitializationListener:53] - Spring Data repositories initialized!
2020-06-25 12:47:37.025 [main] INFO  [com.yang.blog.BlogServeApplication:61] - Started BlogServeApplication in 4.136 seconds (JVM running for 6.364)
2020-06-25 12:48:48.383 [http-nio-9528-exec-1] INFO  [o.a.c.core.ContainerBase.[Tomcat].[localhost].[/]:173] - Initializing Spring DispatcherServlet 'dispatcherServlet'
2020-06-25 12:48:48.383 [http-nio-9528-exec-1] INFO  [org.springframework.web.servlet.DispatcherServlet:525] - Initializing Servlet 'dispatcherServlet'
2020-06-25 12:48:48.388 [http-nio-9528-exec-1] INFO  [org.springframework.web.servlet.DispatcherServlet:547] - Completed initialization in 5 ms
2020-06-25 12:49:22.451 [SpringContextShutdownHook] INFO  [o.s.orm.jpa.LocalContainerEntityManagerFactoryBean:598] - Closing JPA EntityManagerFactory for persistence unit 'default'
2020-06-25 12:49:22.453 [SpringContextShutdownHook] INFO  [o.s.scheduling.concurrent.ThreadPoolTaskExecutor:218] - Shutting down ExecutorService 'applicationTaskExecutor'
2020-06-25 12:49:29.230 [main] INFO  [com.yang.blog.BlogServeApplication:55] - Starting BlogServeApplication on DESKTOP-DANHAID with PID 2708 (D:\code\mycode\blog\blog\blog-serve\target\classes started by 杨洋 in D:\code\mycode\blog\blog\blog-serve)
2020-06-25 12:49:29.233 [main] INFO  [com.yang.blog.BlogServeApplication:651] - No active profile set, falling back to default profiles: default
2020-06-25 12:49:29.865 [main] INFO  [o.s.d.r.config.RepositoryConfigurationDelegate:127] - Bootstrapping Spring Data JPA repositories in DEFERRED mode.
2020-06-25 12:49:29.906 [main] INFO  [o.s.d.r.config.RepositoryConfigurationDelegate:187] - Finished Spring Data repository scanning in 34ms. Found 1 JPA repository interfaces.
2020-06-25 12:49:30.132 [main] INFO  [o.s.c.s.PostProcessorRegistrationDelegate$BeanPostProcessorChecker:335] - Bean 'org.springframework.security.access.expression.method.DefaultMethodSecurityExpressionHandler@360bc645' of type [org.springframework.security.access.expression.method.DefaultMethodSecurityExpressionHandler] is not eligible for getting processed by all BeanPostProcessors (for example: not eligible for auto-proxying)
2020-06-25 12:49:30.136 [main] INFO  [o.s.c.s.PostProcessorRegistrationDelegate$BeanPostProcessorChecker:335] - Bean 'methodSecurityMetadataSource' of type [org.springframework.security.access.method.DelegatingMethodSecurityMetadataSource] is not eligible for getting processed by all BeanPostProcessors (for example: not eligible for auto-proxying)
2020-06-25 12:49:30.314 [main] INFO  [o.s.boot.web.embedded.tomcat.TomcatWebServer:108] - Tomcat initialized with port(s): 9528 (http)
2020-06-25 12:49:30.321 [main] INFO  [org.apache.coyote.http11.Http11NioProtocol:173] - Initializing ProtocolHandler ["http-nio-9528"]
2020-06-25 12:49:30.321 [main] INFO  [org.apache.catalina.core.StandardService:173] - Starting service [Tomcat]
2020-06-25 12:49:30.321 [main] INFO  [org.apache.catalina.core.StandardEngine:173] - Starting Servlet engine: [Apache Tomcat/9.0.36]
2020-06-25 12:49:30.322 [main] INFO  [org.apache.catalina.core.AprLifecycleListener:173] - Loaded Apache Tomcat Native library [1.2.23] using APR version [1.7.0].
2020-06-25 12:49:30.323 [main] INFO  [org.apache.catalina.core.AprLifecycleListener:173] - APR capabilities: IPv6 [true], sendfile [true], accept filters [false], random [true].
2020-06-25 12:49:30.323 [main] INFO  [org.apache.catalina.core.AprLifecycleListener:173] - APR/OpenSSL configuration: useAprConnector [false], useOpenSSL [true]
2020-06-25 12:49:30.325 [main] INFO  [org.apache.catalina.core.AprLifecycleListener:173] - OpenSSL successfully initialized [OpenSSL 1.1.1c  28 May 2019]
2020-06-25 12:49:30.411 [main] INFO  [o.a.c.core.ContainerBase.[Tomcat].[localhost].[/]:173] - Initializing Spring embedded WebApplicationContext
2020-06-25 12:49:30.411 [main] INFO  [o.s.b.w.s.c.ServletWebServerApplicationContext:285] - Root WebApplicationContext: initialization completed in 1141 ms
2020-06-25 12:49:30.611 [main] INFO  [c.a.d.s.b.a.DruidDataSourceAutoConfigure:56] - Init DruidDataSource
2020-06-25 12:49:30.864 [main] INFO  [o.s.scheduling.concurrent.ThreadPoolTaskExecutor:181] - Initializing ExecutorService 'applicationTaskExecutor'
2020-06-25 12:49:31.498 [main] INFO  [o.s.security.web.DefaultSecurityFilterChain:43] - Creating filter chain: any request, [org.springframework.security.web.context.request.async.WebAsyncManagerIntegrationFilter@11bfffb3, org.springframework.security.web.context.SecurityContextPersistenceFilter@c0c8f96, org.springframework.security.web.header.HeaderWriterFilter@5d601832, org.springframework.web.filter.CorsFilter@6a7a1a0d, org.springframework.security.web.csrf.CsrfFilter@5cce40d7, org.springframework.security.web.authentication.logout.LogoutFilter@60928a61, com.yang.blog.security.filter.JwtLoginFilter@1c6e3ff9, com.yang.blog.security.filter.JwtAuthenticationFilter@76e6c070, org.springframework.security.web.savedrequest.RequestCacheAwareFilter@3e52ed5d, org.springframework.security.web.servletapi.SecurityContextHolderAwareRequestFilter@147efd9, org.springframework.security.web.authentication.AnonymousAuthenticationFilter@184afb78, org.springframework.security.web.session.SessionManagementFilter@640c216b, org.springframework.security.web.access.ExceptionTranslationFilter@74a58a06, org.springframework.security.web.access.intercept.FilterSecurityInterceptor@163e8949]
2020-06-25 12:49:31.532 [main] INFO  [org.apache.coyote.http11.Http11NioProtocol:173] - Starting ProtocolHandler ["http-nio-9528"]
2020-06-25 12:49:31.550 [main] INFO  [o.s.boot.web.embedded.tomcat.TomcatWebServer:220] - Tomcat started on port(s): 9528 (http) with context path ''
2020-06-25 12:49:31.552 [main] INFO  [o.s.d.r.c.DeferredRepositoryInitializationListener:49] - Triggering deferred initialization of Spring Data repositories…
2020-06-25 12:49:32.823 [task-1] INFO  [o.s.orm.jpa.LocalContainerEntityManagerFactoryBean:416] - Initialized JPA EntityManagerFactory for persistence unit 'default'
2020-06-25 12:49:33.173 [main] INFO  [o.s.d.r.c.DeferredRepositoryInitializationListener:53] - Spring Data repositories initialized!
2020-06-25 12:49:33.179 [main] INFO  [com.yang.blog.BlogServeApplication:61] - Started BlogServeApplication in 4.293 seconds (JVM running for 6.022)
2020-06-25 12:50:27.485 [http-nio-9528-exec-1] INFO  [o.a.c.core.ContainerBase.[Tomcat].[localhost].[/]:173] - Initializing Spring DispatcherServlet 'dispatcherServlet'
2020-06-25 12:50:27.485 [http-nio-9528-exec-1] INFO  [org.springframework.web.servlet.DispatcherServlet:525] - Initializing Servlet 'dispatcherServlet'
2020-06-25 12:50:27.491 [http-nio-9528-exec-1] INFO  [org.springframework.web.servlet.DispatcherServlet:547] - Completed initialization in 5 ms
2020-06-25 12:55:11.118 [SpringContextShutdownHook] INFO  [o.s.orm.jpa.LocalContainerEntityManagerFactoryBean:598] - Closing JPA EntityManagerFactory for persistence unit 'default'
2020-06-25 12:55:11.120 [SpringContextShutdownHook] INFO  [o.s.scheduling.concurrent.ThreadPoolTaskExecutor:218] - Shutting down ExecutorService 'applicationTaskExecutor'
