2020-06-24 19:18:57.307 [main] INFO  [com.yang.blog.BlogServeApplication:55] - Starting BlogServeApplication on DESKTOP-DANHAID with PID 15064 (D:\code\mycode\blog\blog\blog-serve\target\classes started by 杨洋 in D:\code\mycode\blog\blog\blog-serve)
2020-06-24 19:18:57.307 [main] INFO  [com.yang.blog.BlogServeApplication:651] - No active profile set, falling back to default profiles: default
2020-06-24 19:18:59.088 [main] INFO  [o.s.d.r.config.RepositoryConfigurationDelegate:127] - Bootstrapping Spring Data JPA repositories in DEFERRED mode.
2020-06-24 19:18:59.166 [main] INFO  [o.s.d.r.config.RepositoryConfigurationDelegate:187] - Finished Spring Data repository scanning in 80ms. Found 1 JPA repository interfaces.
2020-06-24 19:18:59.494 [main] INFO  [o.s.c.s.PostProcessorRegistrationDelegate$BeanPostProcessorChecker:335] - Bean 'org.springframework.security.access.expression.method.DefaultMethodSecurityExpressionHandler@1deceb67' of type [org.springframework.security.access.expression.method.DefaultMethodSecurityExpressionHandler] is not eligible for getting processed by all BeanPostProcessors (for example: not eligible for auto-proxying)
2020-06-24 19:18:59.494 [main] INFO  [o.s.c.s.PostProcessorRegistrationDelegate$BeanPostProcessorChecker:335] - Bean 'methodSecurityMetadataSource' of type [org.springframework.security.access.method.DelegatingMethodSecurityMetadataSource] is not eligible for getting processed by all BeanPostProcessors (for example: not eligible for auto-proxying)
2020-06-24 19:18:59.791 [main] INFO  [o.s.boot.web.embedded.tomcat.TomcatWebServer:108] - Tomcat initialized with port(s): 9528 (http)
2020-06-24 19:18:59.791 [main] INFO  [org.apache.coyote.http11.Http11NioProtocol:173] - Initializing ProtocolHandler ["http-nio-9528"]
2020-06-24 19:18:59.791 [main] INFO  [org.apache.catalina.core.StandardService:173] - Starting service [Tomcat]
2020-06-24 19:18:59.791 [main] INFO  [org.apache.catalina.core.StandardEngine:173] - Starting Servlet engine: [Apache Tomcat/9.0.36]
2020-06-24 19:18:59.791 [main] INFO  [org.apache.catalina.core.AprLifecycleListener:173] - Loaded Apache Tomcat Native library [1.2.23] using APR version [1.7.0].
2020-06-24 19:18:59.791 [main] INFO  [org.apache.catalina.core.AprLifecycleListener:173] - APR capabilities: IPv6 [true], sendfile [true], accept filters [false], random [true].
2020-06-24 19:18:59.791 [main] INFO  [org.apache.catalina.core.AprLifecycleListener:173] - APR/OpenSSL configuration: useAprConnector [false], useOpenSSL [true]
2020-06-24 19:18:59.822 [main] INFO  [org.apache.catalina.core.AprLifecycleListener:173] - OpenSSL successfully initialized [OpenSSL 1.1.1c  28 May 2019]
2020-06-24 19:18:59.900 [main] INFO  [o.a.c.core.ContainerBase.[Tomcat].[localhost].[/]:173] - Initializing Spring embedded WebApplicationContext
2020-06-24 19:18:59.900 [main] INFO  [o.s.b.w.s.c.ServletWebServerApplicationContext:285] - Root WebApplicationContext: initialization completed in 2562 ms
2020-06-24 19:19:00.447 [main] INFO  [c.a.d.s.b.a.DruidDataSourceAutoConfigure:56] - Init DruidDataSource
2020-06-24 19:19:00.868 [main] INFO  [o.s.scheduling.concurrent.ThreadPoolTaskExecutor:181] - Initializing ExecutorService 'applicationTaskExecutor'
2020-06-24 19:19:02.118 [main] INFO  [o.s.security.web.DefaultSecurityFilterChain:43] - Creating filter chain: any request, [org.springframework.security.web.context.request.async.WebAsyncManagerIntegrationFilter@45984654, org.springframework.security.web.context.SecurityContextPersistenceFilter@1b1252c8, org.springframework.security.web.header.HeaderWriterFilter@203b953c, org.springframework.web.filter.CorsFilter@4c5406b, org.springframework.security.web.csrf.CsrfFilter@722787b5, org.springframework.security.web.authentication.logout.LogoutFilter@795f6681, com.yang.blog.security.filter.JwtLoginFilter@66b0e207, com.yang.blog.security.filter.JwtAuthenticationFilter@74a58a06, org.springframework.security.web.savedrequest.RequestCacheAwareFilter@53cb0bcb, org.springframework.security.web.servletapi.SecurityContextHolderAwareRequestFilter@7574d4ad, org.springframework.security.web.authentication.AnonymousAuthenticationFilter@7308c820, org.springframework.security.web.session.SessionManagementFilter@41a16eb3, org.springframework.security.web.access.ExceptionTranslationFilter@6e807e2, org.springframework.security.web.access.intercept.FilterSecurityInterceptor@27df5806]
2020-06-24 19:19:02.165 [main] INFO  [org.apache.coyote.http11.Http11NioProtocol:173] - Starting ProtocolHandler ["http-nio-9528"]
2020-06-24 19:19:02.181 [main] INFO  [o.s.boot.web.embedded.tomcat.TomcatWebServer:220] - Tomcat started on port(s): 9528 (http) with context path ''
2020-06-24 19:19:02.181 [main] INFO  [o.s.d.r.c.DeferredRepositoryInitializationListener:49] - Triggering deferred initialization of Spring Data repositories…
2020-06-24 19:19:03.790 [task-1] INFO  [o.s.orm.jpa.LocalContainerEntityManagerFactoryBean:416] - Initialized JPA EntityManagerFactory for persistence unit 'default'
2020-06-24 19:19:04.336 [main] INFO  [o.s.d.r.c.DeferredRepositoryInitializationListener:53] - Spring Data repositories initialized!
2020-06-24 19:19:04.336 [main] INFO  [com.yang.blog.BlogServeApplication:61] - Started BlogServeApplication in 7.912 seconds (JVM running for 11.12)
2020-06-24 19:20:18.808 [SpringContextShutdownHook] INFO  [o.s.orm.jpa.LocalContainerEntityManagerFactoryBean:598] - Closing JPA EntityManagerFactory for persistence unit 'default'
2020-06-24 19:20:18.808 [SpringContextShutdownHook] INFO  [o.s.scheduling.concurrent.ThreadPoolTaskExecutor:218] - Shutting down ExecutorService 'applicationTaskExecutor'
2020-06-24 19:23:27.862 [main] INFO  [com.yang.blog.BlogServeApplication:55] - Starting BlogServeApplication on DESKTOP-DANHAID with PID 7756 (D:\code\mycode\blog\blog\blog-serve\target\classes started by 杨洋 in D:\code\mycode\blog\blog\blog-serve)
2020-06-24 19:23:27.862 [main] INFO  [com.yang.blog.BlogServeApplication:651] - No active profile set, falling back to default profiles: default
2020-06-24 19:23:28.502 [main] INFO  [o.s.d.r.config.RepositoryConfigurationDelegate:127] - Bootstrapping Spring Data JPA repositories in DEFERRED mode.
2020-06-24 19:23:28.534 [main] INFO  [o.s.d.r.config.RepositoryConfigurationDelegate:187] - Finished Spring Data repository scanning in 34ms. Found 1 JPA repository interfaces.
2020-06-24 19:23:28.768 [main] INFO  [o.s.c.s.PostProcessorRegistrationDelegate$BeanPostProcessorChecker:335] - Bean 'org.springframework.security.access.expression.method.DefaultMethodSecurityExpressionHandler@42373389' of type [org.springframework.security.access.expression.method.DefaultMethodSecurityExpressionHandler] is not eligible for getting processed by all BeanPostProcessors (for example: not eligible for auto-proxying)
2020-06-24 19:23:28.768 [main] INFO  [o.s.c.s.PostProcessorRegistrationDelegate$BeanPostProcessorChecker:335] - Bean 'methodSecurityMetadataSource' of type [org.springframework.security.access.method.DelegatingMethodSecurityMetadataSource] is not eligible for getting processed by all BeanPostProcessors (for example: not eligible for auto-proxying)
2020-06-24 19:23:28.940 [main] INFO  [o.s.boot.web.embedded.tomcat.TomcatWebServer:108] - Tomcat initialized with port(s): 9528 (http)
2020-06-24 19:23:28.955 [main] INFO  [org.apache.coyote.http11.Http11NioProtocol:173] - Initializing ProtocolHandler ["http-nio-9528"]
2020-06-24 19:23:28.955 [main] INFO  [org.apache.catalina.core.StandardService:173] - Starting service [Tomcat]
2020-06-24 19:23:28.955 [main] INFO  [org.apache.catalina.core.StandardEngine:173] - Starting Servlet engine: [Apache Tomcat/9.0.36]
2020-06-24 19:23:28.955 [main] INFO  [org.apache.catalina.core.AprLifecycleListener:173] - Loaded Apache Tomcat Native library [1.2.23] using APR version [1.7.0].
2020-06-24 19:23:28.955 [main] INFO  [org.apache.catalina.core.AprLifecycleListener:173] - APR capabilities: IPv6 [true], sendfile [true], accept filters [false], random [true].
2020-06-24 19:23:28.955 [main] INFO  [org.apache.catalina.core.AprLifecycleListener:173] - APR/OpenSSL configuration: useAprConnector [false], useOpenSSL [true]
2020-06-24 19:23:28.955 [main] INFO  [org.apache.catalina.core.AprLifecycleListener:173] - OpenSSL successfully initialized [OpenSSL 1.1.1c  28 May 2019]
2020-06-24 19:23:29.033 [main] INFO  [o.a.c.core.ContainerBase.[Tomcat].[localhost].[/]:173] - Initializing Spring embedded WebApplicationContext
2020-06-24 19:23:29.033 [main] INFO  [o.s.b.w.s.c.ServletWebServerApplicationContext:285] - Root WebApplicationContext: initialization completed in 1140 ms
2020-06-24 19:23:29.221 [main] INFO  [c.a.d.s.b.a.DruidDataSourceAutoConfigure:56] - Init DruidDataSource
2020-06-24 19:23:29.471 [main] INFO  [o.s.scheduling.concurrent.ThreadPoolTaskExecutor:181] - Initializing ExecutorService 'applicationTaskExecutor'
2020-06-24 19:23:30.002 [main] INFO  [o.s.security.web.DefaultSecurityFilterChain:43] - Creating filter chain: any request, [org.springframework.security.web.context.request.async.WebAsyncManagerIntegrationFilter@4ce267cc, org.springframework.security.web.context.SecurityContextPersistenceFilter@25e8e59, org.springframework.security.web.header.HeaderWriterFilter@6e0d16a4, org.springframework.web.filter.CorsFilter@2eebce87, org.springframework.security.web.csrf.CsrfFilter@3ef3f661, org.springframework.security.web.authentication.logout.LogoutFilter@7aae1170, com.yang.blog.security.filter.JwtLoginFilter@6ee37ca7, com.yang.blog.security.filter.JwtAuthenticationFilter@6775c0d1, org.springframework.security.web.savedrequest.RequestCacheAwareFilter@50a7c72b, org.springframework.security.web.servletapi.SecurityContextHolderAwareRequestFilter@d108406, org.springframework.security.web.authentication.AnonymousAuthenticationFilter@38f617f4, org.springframework.security.web.session.SessionManagementFilter@305b43ca, org.springframework.security.web.access.ExceptionTranslationFilter@563317c1, org.springframework.security.web.access.intercept.FilterSecurityInterceptor@629b780f]
2020-06-24 19:23:30.049 [main] INFO  [org.apache.coyote.http11.Http11NioProtocol:173] - Starting ProtocolHandler ["http-nio-9528"]
2020-06-24 19:23:30.064 [main] INFO  [o.s.boot.web.embedded.tomcat.TomcatWebServer:220] - Tomcat started on port(s): 9528 (http) with context path ''
2020-06-24 19:23:30.080 [main] INFO  [o.s.d.r.c.DeferredRepositoryInitializationListener:49] - Triggering deferred initialization of Spring Data repositories…
2020-06-24 19:23:31.408 [task-1] INFO  [o.s.orm.jpa.LocalContainerEntityManagerFactoryBean:416] - Initialized JPA EntityManagerFactory for persistence unit 'default'
2020-06-24 19:23:31.720 [main] INFO  [o.s.d.r.c.DeferredRepositoryInitializationListener:53] - Spring Data repositories initialized!
2020-06-24 19:23:31.736 [main] INFO  [com.yang.blog.BlogServeApplication:61] - Started BlogServeApplication in 4.172 seconds (JVM running for 5.811)
2020-06-24 19:28:53.548 [http-nio-9528-exec-1] INFO  [o.a.c.core.ContainerBase.[Tomcat].[localhost].[/]:173] - Initializing Spring DispatcherServlet 'dispatcherServlet'
2020-06-24 19:28:53.548 [http-nio-9528-exec-1] INFO  [org.springframework.web.servlet.DispatcherServlet:525] - Initializing Servlet 'dispatcherServlet'
2020-06-24 19:28:53.554 [http-nio-9528-exec-1] INFO  [org.springframework.web.servlet.DispatcherServlet:547] - Completed initialization in 6 ms
2020-06-24 19:36:10.820 [SpringContextShutdownHook] INFO  [o.s.orm.jpa.LocalContainerEntityManagerFactoryBean:598] - Closing JPA EntityManagerFactory for persistence unit 'default'
2020-06-24 19:36:10.821 [SpringContextShutdownHook] INFO  [o.s.scheduling.concurrent.ThreadPoolTaskExecutor:218] - Shutting down ExecutorService 'applicationTaskExecutor'
