2020-06-22 21:39:39.570 [main] INFO  [com.yang.blog.BlogServeApplication:55] - Starting BlogServeApplication on DESKTOP-DANHAID with PID 11112 (D:\code\mycode\blog\blog\blog-serve\target\classes started by 杨洋 in D:\code\mycode\blog\blog\blog-serve)
2020-06-22 21:39:39.570 [main] INFO  [com.yang.blog.BlogServeApplication:651] - No active profile set, falling back to default profiles: default
2020-06-22 21:39:40.226 [main] INFO  [o.s.boot.web.embedded.tomcat.TomcatWebServer:108] - Tomcat initialized with port(s): 8080 (http)
2020-06-22 21:39:40.226 [main] INFO  [org.apache.coyote.http11.Http11NioProtocol:173] - Initializing ProtocolHandler ["http-nio-8080"]
2020-06-22 21:39:40.226 [main] INFO  [org.apache.catalina.core.StandardService:173] - Starting service [Tomcat]
2020-06-22 21:39:40.226 [main] INFO  [org.apache.catalina.core.StandardEngine:173] - Starting Servlet engine: [Apache Tomcat/9.0.36]
2020-06-22 21:39:40.226 [main] INFO  [org.apache.catalina.core.AprLifecycleListener:173] - Loaded Apache Tomcat Native library [1.2.23] using APR version [1.7.0].
2020-06-22 21:39:40.226 [main] INFO  [org.apache.catalina.core.AprLifecycleListener:173] - APR capabilities: IPv6 [true], sendfile [true], accept filters [false], random [true].
2020-06-22 21:39:40.226 [main] INFO  [org.apache.catalina.core.AprLifecycleListener:173] - APR/OpenSSL configuration: useAprConnector [false], useOpenSSL [true]
2020-06-22 21:39:40.226 [main] INFO  [org.apache.catalina.core.AprLifecycleListener:173] - OpenSSL successfully initialized [OpenSSL 1.1.1c  28 May 2019]
2020-06-22 21:39:40.288 [main] INFO  [o.a.c.core.ContainerBase.[Tomcat].[localhost].[/]:173] - Initializing Spring embedded WebApplicationContext
2020-06-22 21:39:40.288 [main] INFO  [o.s.b.w.s.c.ServletWebServerApplicationContext:285] - Root WebApplicationContext: initialization completed in 687 ms
2020-06-22 21:39:40.429 [main] INFO  [o.s.scheduling.concurrent.ThreadPoolTaskExecutor:181] - Initializing ExecutorService 'applicationTaskExecutor'
2020-06-22 21:39:40.585 [main] INFO  [o.s.security.web.DefaultSecurityFilterChain:43] - Creating filter chain: any request, [org.springframework.security.web.context.request.async.WebAsyncManagerIntegrationFilter@26e412ef, org.springframework.security.web.context.SecurityContextPersistenceFilter@320494b6, org.springframework.security.web.header.HeaderWriterFilter@c81fd12, org.springframework.web.filter.CorsFilter@4ae263bf, org.springframework.security.web.csrf.CsrfFilter@35d3ab60, org.springframework.security.web.authentication.logout.LogoutFilter@298d9a05, com.yang.blog.security.filter.JwtLoginFilter@7103ab0, com.yang.blog.security.filter.JwtAuthenticationFilter@19ccca5, org.springframework.security.web.savedrequest.RequestCacheAwareFilter@14fc5d40, org.springframework.security.web.servletapi.SecurityContextHolderAwareRequestFilter@2b8bd14b, org.springframework.security.web.authentication.AnonymousAuthenticationFilter@769d513, org.springframework.security.web.session.SessionManagementFilter@5754de72, org.springframework.security.web.access.ExceptionTranslationFilter@3b6c624, org.springframework.security.web.access.intercept.FilterSecurityInterceptor@4c03a37]
2020-06-22 21:39:40.601 [main] INFO  [org.apache.coyote.http11.Http11NioProtocol:173] - Starting ProtocolHandler ["http-nio-8080"]
2020-06-22 21:39:40.616 [main] INFO  [o.s.boot.web.embedded.tomcat.TomcatWebServer:220] - Tomcat started on port(s): 8080 (http) with context path ''
2020-06-22 21:39:40.616 [main] INFO  [com.yang.blog.BlogServeApplication:61] - Started BlogServeApplication in 1.259 seconds (JVM running for 2.838)
2020-06-22 21:40:05.983 [main] INFO  [com.yang.blog.BlogServeApplication:55] - Starting BlogServeApplication on DESKTOP-DANHAID with PID 1332 (D:\code\mycode\blog\blog\blog-serve\target\classes started by 杨洋 in D:\code\mycode\blog\blog\blog-serve)
2020-06-22 21:40:05.983 [main] INFO  [com.yang.blog.BlogServeApplication:651] - No active profile set, falling back to default profiles: default
2020-06-22 21:40:06.795 [main] INFO  [o.s.boot.web.embedded.tomcat.TomcatWebServer:108] - Tomcat initialized with port(s): 8080 (http)
2020-06-22 21:40:06.795 [main] INFO  [org.apache.coyote.http11.Http11NioProtocol:173] - Initializing ProtocolHandler ["http-nio-8080"]
2020-06-22 21:40:06.811 [main] INFO  [org.apache.catalina.core.StandardService:173] - Starting service [Tomcat]
2020-06-22 21:40:06.811 [main] INFO  [org.apache.catalina.core.StandardEngine:173] - Starting Servlet engine: [Apache Tomcat/9.0.36]
2020-06-22 21:40:06.827 [main] INFO  [org.apache.catalina.core.AprLifecycleListener:173] - Loaded Apache Tomcat Native library [1.2.23] using APR version [1.7.0].
2020-06-22 21:40:06.827 [main] INFO  [org.apache.catalina.core.AprLifecycleListener:173] - APR capabilities: IPv6 [true], sendfile [true], accept filters [false], random [true].
2020-06-22 21:40:06.827 [main] INFO  [org.apache.catalina.core.AprLifecycleListener:173] - APR/OpenSSL configuration: useAprConnector [false], useOpenSSL [true]
2020-06-22 21:40:06.827 [main] INFO  [org.apache.catalina.core.AprLifecycleListener:173] - OpenSSL successfully initialized [OpenSSL 1.1.1c  28 May 2019]
2020-06-22 21:40:06.905 [main] INFO  [o.a.c.core.ContainerBase.[Tomcat].[localhost].[/]:173] - Initializing Spring embedded WebApplicationContext
2020-06-22 21:40:06.905 [main] INFO  [o.s.b.w.s.c.ServletWebServerApplicationContext:285] - Root WebApplicationContext: initialization completed in 891 ms
2020-06-22 21:40:07.108 [main] INFO  [o.s.scheduling.concurrent.ThreadPoolTaskExecutor:181] - Initializing ExecutorService 'applicationTaskExecutor'
2020-06-22 21:40:07.311 [main] INFO  [o.s.security.web.DefaultSecurityFilterChain:43] - Creating filter chain: any request, [org.springframework.security.web.context.request.async.WebAsyncManagerIntegrationFilter@27329d2a, org.springframework.security.web.context.SecurityContextPersistenceFilter@2a53f215, org.springframework.security.web.header.HeaderWriterFilter@4f4c88f9, org.springframework.web.filter.CorsFilter@7978e022, org.springframework.security.web.csrf.CsrfFilter@619f2afc, org.springframework.security.web.authentication.logout.LogoutFilter@21da4b5f, com.yang.blog.security.filter.JwtLoginFilter@2f894ad9, com.yang.blog.security.filter.JwtAuthenticationFilter@5afbd567, org.springframework.security.web.savedrequest.RequestCacheAwareFilter@7beae796, org.springframework.security.web.servletapi.SecurityContextHolderAwareRequestFilter@40a72ecd, org.springframework.security.web.authentication.AnonymousAuthenticationFilter@6993c8df, org.springframework.security.web.session.SessionManagementFilter@cb39552, org.springframework.security.web.access.ExceptionTranslationFilter@75e27856, org.springframework.security.web.access.intercept.FilterSecurityInterceptor@1945113f]
2020-06-22 21:40:07.342 [main] INFO  [org.apache.coyote.http11.Http11NioProtocol:173] - Starting ProtocolHandler ["http-nio-8080"]
2020-06-22 21:40:07.358 [main] INFO  [o.s.boot.web.embedded.tomcat.TomcatWebServer:220] - Tomcat started on port(s): 8080 (http) with context path ''
2020-06-22 21:40:07.420 [main] INFO  [com.yang.blog.BlogServeApplication:61] - Started BlogServeApplication in 1.734 seconds (JVM running for 3.425)
2020-06-22 21:40:27.950 [http-nio-8080-exec-1] INFO  [o.a.c.core.ContainerBase.[Tomcat].[localhost].[/]:173] - Initializing Spring DispatcherServlet 'dispatcherServlet'
2020-06-22 21:40:27.950 [http-nio-8080-exec-1] INFO  [org.springframework.web.servlet.DispatcherServlet:525] - Initializing Servlet 'dispatcherServlet'
2020-06-22 21:40:27.955 [http-nio-8080-exec-1] INFO  [org.springframework.web.servlet.DispatcherServlet:547] - Completed initialization in 5 ms
2020-06-22 21:40:54.990 [SpringContextShutdownHook] INFO  [o.s.scheduling.concurrent.ThreadPoolTaskExecutor:218] - Shutting down ExecutorService 'applicationTaskExecutor'
2020-06-22 21:40:59.879 [main] INFO  [com.yang.blog.BlogServeApplication:55] - Starting BlogServeApplication on DESKTOP-DANHAID with PID 5128 (D:\code\mycode\blog\blog\blog-serve\target\classes started by 杨洋 in D:\code\mycode\blog\blog\blog-serve)
2020-06-22 21:40:59.895 [main] INFO  [com.yang.blog.BlogServeApplication:651] - No active profile set, falling back to default profiles: default
2020-06-22 21:41:00.645 [main] INFO  [o.s.boot.web.embedded.tomcat.TomcatWebServer:108] - Tomcat initialized with port(s): 8080 (http)
2020-06-22 21:41:00.645 [main] INFO  [org.apache.coyote.http11.Http11NioProtocol:173] - Initializing ProtocolHandler ["http-nio-8080"]
2020-06-22 21:41:00.645 [main] INFO  [org.apache.catalina.core.StandardService:173] - Starting service [Tomcat]
2020-06-22 21:41:00.645 [main] INFO  [org.apache.catalina.core.StandardEngine:173] - Starting Servlet engine: [Apache Tomcat/9.0.36]
2020-06-22 21:41:00.645 [main] INFO  [org.apache.catalina.core.AprLifecycleListener:173] - Loaded Apache Tomcat Native library [1.2.23] using APR version [1.7.0].
2020-06-22 21:41:00.645 [main] INFO  [org.apache.catalina.core.AprLifecycleListener:173] - APR capabilities: IPv6 [true], sendfile [true], accept filters [false], random [true].
2020-06-22 21:41:00.645 [main] INFO  [org.apache.catalina.core.AprLifecycleListener:173] - APR/OpenSSL configuration: useAprConnector [false], useOpenSSL [true]
2020-06-22 21:41:00.660 [main] INFO  [org.apache.catalina.core.AprLifecycleListener:173] - OpenSSL successfully initialized [OpenSSL 1.1.1c  28 May 2019]
2020-06-22 21:41:00.723 [main] INFO  [o.a.c.core.ContainerBase.[Tomcat].[localhost].[/]:173] - Initializing Spring embedded WebApplicationContext
2020-06-22 21:41:00.723 [main] INFO  [o.s.b.w.s.c.ServletWebServerApplicationContext:285] - Root WebApplicationContext: initialization completed in 797 ms
2020-06-22 21:41:00.879 [main] INFO  [o.s.scheduling.concurrent.ThreadPoolTaskExecutor:181] - Initializing ExecutorService 'applicationTaskExecutor'
2020-06-22 21:41:01.066 [main] INFO  [o.s.security.web.DefaultSecurityFilterChain:43] - Creating filter chain: any request, [org.springframework.security.web.context.request.async.WebAsyncManagerIntegrationFilter@4c361f63, org.springframework.security.web.context.SecurityContextPersistenceFilter@2440022a, org.springframework.security.web.header.HeaderWriterFilter@2538bc06, org.springframework.web.filter.CorsFilter@6ed922e1, org.springframework.security.web.csrf.CsrfFilter@1abebef3, org.springframework.security.web.authentication.logout.LogoutFilter@6de6faa6, com.yang.blog.security.filter.JwtLoginFilter@4eb166a1, com.yang.blog.security.filter.JwtAuthenticationFilter@554c4eaa, org.springframework.security.web.savedrequest.RequestCacheAwareFilter@5f2de715, org.springframework.security.web.servletapi.SecurityContextHolderAwareRequestFilter@672a1c62, org.springframework.security.web.authentication.AnonymousAuthenticationFilter@29fd8e67, org.springframework.security.web.session.SessionManagementFilter@656922a0, org.springframework.security.web.access.ExceptionTranslationFilter@61ecbee9, org.springframework.security.web.access.intercept.FilterSecurityInterceptor@1c9fbb61]
2020-06-22 21:41:01.082 [main] INFO  [org.apache.coyote.http11.Http11NioProtocol:173] - Starting ProtocolHandler ["http-nio-8080"]
2020-06-22 21:41:01.098 [main] INFO  [o.s.boot.web.embedded.tomcat.TomcatWebServer:220] - Tomcat started on port(s): 8080 (http) with context path ''
2020-06-22 21:41:01.098 [main] INFO  [com.yang.blog.BlogServeApplication:61] - Started BlogServeApplication in 1.478 seconds (JVM running for 3.055)
2020-06-22 21:41:18.653 [http-nio-8080-exec-1] INFO  [o.a.c.core.ContainerBase.[Tomcat].[localhost].[/]:173] - Initializing Spring DispatcherServlet 'dispatcherServlet'
2020-06-22 21:41:18.654 [http-nio-8080-exec-1] INFO  [org.springframework.web.servlet.DispatcherServlet:525] - Initializing Servlet 'dispatcherServlet'
2020-06-22 21:41:18.658 [http-nio-8080-exec-1] INFO  [org.springframework.web.servlet.DispatcherServlet:547] - Completed initialization in 4 ms
2020-06-22 21:43:16.988 [SpringContextShutdownHook] INFO  [o.s.scheduling.concurrent.ThreadPoolTaskExecutor:218] - Shutting down ExecutorService 'applicationTaskExecutor'
2020-06-22 21:43:21.828 [main] INFO  [com.yang.blog.BlogServeApplication:55] - Starting BlogServeApplication on DESKTOP-DANHAID with PID 7776 (D:\code\mycode\blog\blog\blog-serve\target\classes started by 杨洋 in D:\code\mycode\blog\blog\blog-serve)
2020-06-22 21:43:21.830 [main] INFO  [com.yang.blog.BlogServeApplication:651] - No active profile set, falling back to default profiles: default
2020-06-22 21:43:22.675 [main] INFO  [o.s.boot.web.embedded.tomcat.TomcatWebServer:108] - Tomcat initialized with port(s): 8080 (http)
2020-06-22 21:43:22.683 [main] INFO  [org.apache.coyote.http11.Http11NioProtocol:173] - Initializing ProtocolHandler ["http-nio-8080"]
2020-06-22 21:43:22.683 [main] INFO  [org.apache.catalina.core.StandardService:173] - Starting service [Tomcat]
2020-06-22 21:43:22.684 [main] INFO  [org.apache.catalina.core.StandardEngine:173] - Starting Servlet engine: [Apache Tomcat/9.0.36]
2020-06-22 21:43:22.685 [main] INFO  [org.apache.catalina.core.AprLifecycleListener:173] - Loaded Apache Tomcat Native library [1.2.23] using APR version [1.7.0].
2020-06-22 21:43:22.685 [main] INFO  [org.apache.catalina.core.AprLifecycleListener:173] - APR capabilities: IPv6 [true], sendfile [true], accept filters [false], random [true].
2020-06-22 21:43:22.685 [main] INFO  [org.apache.catalina.core.AprLifecycleListener:173] - APR/OpenSSL configuration: useAprConnector [false], useOpenSSL [true]
2020-06-22 21:43:22.688 [main] INFO  [org.apache.catalina.core.AprLifecycleListener:173] - OpenSSL successfully initialized [OpenSSL 1.1.1c  28 May 2019]
2020-06-22 21:43:22.750 [main] INFO  [o.a.c.core.ContainerBase.[Tomcat].[localhost].[/]:173] - Initializing Spring embedded WebApplicationContext
2020-06-22 21:43:22.750 [main] INFO  [o.s.b.w.s.c.ServletWebServerApplicationContext:285] - Root WebApplicationContext: initialization completed in 886 ms
2020-06-22 21:43:22.927 [main] INFO  [o.s.scheduling.concurrent.ThreadPoolTaskExecutor:181] - Initializing ExecutorService 'applicationTaskExecutor'
2020-06-22 21:43:23.128 [main] INFO  [o.s.security.web.DefaultSecurityFilterChain:43] - Creating filter chain: any request, [org.springframework.security.web.context.request.async.WebAsyncManagerIntegrationFilter@2ff7a73, org.springframework.security.web.context.SecurityContextPersistenceFilter@1a0c5e9, org.springframework.security.web.header.HeaderWriterFilter@17947e6d, org.springframework.web.filter.CorsFilter@38830ea, org.springframework.security.web.csrf.CsrfFilter@15d42ccb, org.springframework.security.web.authentication.logout.LogoutFilter@330c1f61, com.yang.blog.security.filter.JwtLoginFilter@3b705be7, com.yang.blog.security.filter.JwtAuthenticationFilter@3a790e40, org.springframework.security.web.savedrequest.RequestCacheAwareFilter@788ba63e, org.springframework.security.web.servletapi.SecurityContextHolderAwareRequestFilter@11eed657, org.springframework.security.web.authentication.AnonymousAuthenticationFilter@43acd79e, org.springframework.security.web.session.SessionManagementFilter@521bb1a4, org.springframework.security.web.access.ExceptionTranslationFilter@37496720, org.springframework.security.web.access.intercept.FilterSecurityInterceptor@37baddde]
2020-06-22 21:43:23.147 [main] INFO  [org.apache.coyote.http11.Http11NioProtocol:173] - Starting ProtocolHandler ["http-nio-8080"]
2020-06-22 21:43:23.165 [main] INFO  [o.s.boot.web.embedded.tomcat.TomcatWebServer:220] - Tomcat started on port(s): 8080 (http) with context path ''
2020-06-22 21:43:23.173 [main] INFO  [com.yang.blog.BlogServeApplication:61] - Started BlogServeApplication in 1.628 seconds (JVM running for 3.325)
2020-06-22 21:43:28.161 [http-nio-8080-exec-1] INFO  [o.a.c.core.ContainerBase.[Tomcat].[localhost].[/]:173] - Initializing Spring DispatcherServlet 'dispatcherServlet'
2020-06-22 21:43:28.161 [http-nio-8080-exec-1] INFO  [org.springframework.web.servlet.DispatcherServlet:525] - Initializing Servlet 'dispatcherServlet'
2020-06-22 21:43:28.167 [http-nio-8080-exec-1] INFO  [org.springframework.web.servlet.DispatcherServlet:547] - Completed initialization in 5 ms
2020-06-22 21:44:43.711 [SpringContextShutdownHook] INFO  [o.s.scheduling.concurrent.ThreadPoolTaskExecutor:218] - Shutting down ExecutorService 'applicationTaskExecutor'
2020-06-22 22:09:22.144 [main] INFO  [com.yang.blog.BlogServeApplication:55] - Starting BlogServeApplication on DESKTOP-DANHAID with PID 2212 (D:\code\mycode\blog\blog\blog-serve\target\classes started by 杨洋 in D:\code\mycode\blog\blog\blog-serve)
2020-06-22 22:09:22.160 [main] INFO  [com.yang.blog.BlogServeApplication:651] - No active profile set, falling back to default profiles: default
2020-06-22 22:09:23.113 [main] INFO  [o.s.d.r.config.RepositoryConfigurationDelegate:127] - Bootstrapping Spring Data JPA repositories in DEFERRED mode.
2020-06-22 22:09:23.160 [main] INFO  [o.s.d.r.config.RepositoryConfigurationDelegate:187] - Finished Spring Data repository scanning in 14ms. Found 0 JPA repository interfaces.
2020-06-22 22:09:23.378 [main] INFO  [o.s.c.s.PostProcessorRegistrationDelegate$BeanPostProcessorChecker:335] - Bean 'org.springframework.security.access.expression.method.DefaultMethodSecurityExpressionHandler@11963225' of type [org.springframework.security.access.expression.method.DefaultMethodSecurityExpressionHandler] is not eligible for getting processed by all BeanPostProcessors (for example: not eligible for auto-proxying)
2020-06-22 22:09:23.394 [main] INFO  [o.s.c.s.PostProcessorRegistrationDelegate$BeanPostProcessorChecker:335] - Bean 'methodSecurityMetadataSource' of type [org.springframework.security.access.method.DelegatingMethodSecurityMetadataSource] is not eligible for getting processed by all BeanPostProcessors (for example: not eligible for auto-proxying)
2020-06-22 22:09:23.550 [main] INFO  [o.s.boot.web.embedded.tomcat.TomcatWebServer:108] - Tomcat initialized with port(s): 9528 (http)
2020-06-22 22:09:23.550 [main] INFO  [org.apache.coyote.http11.Http11NioProtocol:173] - Initializing ProtocolHandler ["http-nio-9528"]
2020-06-22 22:09:23.550 [main] INFO  [org.apache.catalina.core.StandardService:173] - Starting service [Tomcat]
2020-06-22 22:09:23.550 [main] INFO  [org.apache.catalina.core.StandardEngine:173] - Starting Servlet engine: [Apache Tomcat/9.0.36]
2020-06-22 22:09:23.550 [main] INFO  [org.apache.catalina.core.AprLifecycleListener:173] - Loaded Apache Tomcat Native library [1.2.23] using APR version [1.7.0].
2020-06-22 22:09:23.550 [main] INFO  [org.apache.catalina.core.AprLifecycleListener:173] - APR capabilities: IPv6 [true], sendfile [true], accept filters [false], random [true].
2020-06-22 22:09:23.550 [main] INFO  [org.apache.catalina.core.AprLifecycleListener:173] - APR/OpenSSL configuration: useAprConnector [false], useOpenSSL [true]
2020-06-22 22:09:23.566 [main] INFO  [org.apache.catalina.core.AprLifecycleListener:173] - OpenSSL successfully initialized [OpenSSL 1.1.1c  28 May 2019]
2020-06-22 22:09:23.628 [main] INFO  [o.a.c.core.ContainerBase.[Tomcat].[localhost].[/]:173] - Initializing Spring embedded WebApplicationContext
2020-06-22 22:09:23.628 [main] INFO  [o.s.b.w.s.c.ServletWebServerApplicationContext:285] - Root WebApplicationContext: initialization completed in 1437 ms
2020-06-22 22:09:23.988 [main] INFO  [o.s.scheduling.concurrent.ThreadPoolTaskExecutor:181] - Initializing ExecutorService 'applicationTaskExecutor'
2020-06-22 22:09:24.784 [main] INFO  [o.s.security.web.DefaultSecurityFilterChain:43] - Creating filter chain: any request, [org.springframework.security.web.context.request.async.WebAsyncManagerIntegrationFilter@7e446d92, org.springframework.security.web.context.SecurityContextPersistenceFilter@43f1bb92, org.springframework.security.web.header.HeaderWriterFilter@79e66b2f, org.springframework.web.filter.CorsFilter@57f9b467, org.springframework.security.web.csrf.CsrfFilter@7d3fb0ef, org.springframework.security.web.authentication.logout.LogoutFilter@75181b50, com.yang.blog.security.filter.JwtLoginFilter@6d5c2745, com.yang.blog.security.filter.JwtAuthenticationFilter@44b29496, org.springframework.security.web.savedrequest.RequestCacheAwareFilter@5c5d6175, org.springframework.security.web.servletapi.SecurityContextHolderAwareRequestFilter@6a818392, org.springframework.security.web.authentication.AnonymousAuthenticationFilter@1947596f, org.springframework.security.web.session.SessionManagementFilter@5f69e2b, org.springframework.security.web.access.ExceptionTranslationFilter@59696551, org.springframework.security.web.access.intercept.FilterSecurityInterceptor@340a8894]
2020-06-22 22:09:24.816 [main] INFO  [org.apache.coyote.http11.Http11NioProtocol:173] - Starting ProtocolHandler ["http-nio-9528"]
2020-06-22 22:09:24.831 [main] INFO  [o.s.boot.web.embedded.tomcat.TomcatWebServer:220] - Tomcat started on port(s): 9528 (http) with context path ''
2020-06-22 22:09:24.831 [main] INFO  [o.s.d.r.c.DeferredRepositoryInitializationListener:49] - Triggering deferred initialization of Spring Data repositories…
2020-06-22 22:09:24.831 [main] INFO  [o.s.d.r.c.DeferredRepositoryInitializationListener:53] - Spring Data repositories initialized!
2020-06-22 22:09:24.831 [main] INFO  [com.yang.blog.BlogServeApplication:61] - Started BlogServeApplication in 2.986 seconds (JVM running for 4.526)
2020-06-22 22:09:26.719 [task-1] INFO  [o.s.orm.jpa.LocalContainerEntityManagerFactoryBean:416] - Initialized JPA EntityManagerFactory for persistence unit 'default'
